<?xml version="1.0" encoding="UTF-8"?>
<testng-results skipped="0" failed="0" ignored="0" total="1" passed="1">
  <reporter-output>
  </reporter-output>
  <suite name="Default suite" duration-ms="100158" started-at="2020-01-07T16:40:41 IST" finished-at="2020-01-07T16:42:21 IST">
    <groups>
    </groups>
    <test name="Default test" duration-ms="100158" started-at="2020-01-07T16:40:41 IST" finished-at="2020-01-07T16:42:21 IST">
      <class name="com.selenium.extent.Login">
        <test-method status="PASS" signature="loginTest()[pri:0, instance:com.selenium.extent.Login@210366b4]" name="loginTest" duration-ms="100108" started-at="2020-01-07T16:40:41 IST" finished-at="2020-01-07T16:42:21 IST">
          <reporter-output>
          </reporter-output>
        </test-method> <!-- loginTest -->
      </class> <!-- com.selenium.extent.Login -->
    </test> <!-- Default test -->
  </suite> <!-- Default suite -->
</testng-results>
